#! /usr/bin/vvp
:ivl_version "10.3 (stable)";
:ivl_delay_selection "TYPICAL";
:vpi_time_precision - 12;
:vpi_module "system";
:vpi_module "vhdl_sys";
:vpi_module "v2005_math";
:vpi_module "va_math";
S_0x563a9a63d830 .scope module, "testbed" "testbed" 2 34;
 .timescale -9 -10;
v0x563a9a6803a0_0 .var "clk", 0 0;
v0x563a9a680460 .array "golden_mem", 4095 0, 13 0;
v0x563a9a680520_0 .var/i "i", 31 0;
v0x563a9a6805e0_0 .var "in_data", 7 0;
L_0x7f35188140f0 .functor BUFT 1, C4<1>, C4<0>, C4<0>, C4<0>;
v0x563a9a6806f0_0 .net "in_ready", 0 0, L_0x7f35188140f0;  1 drivers
v0x563a9a6807e0_0 .var "in_valid", 0 0;
v0x563a9a680880 .array "indata_mem", 2047 0, 7 0;
v0x563a9a680920_0 .var/i "j", 31 0;
v0x563a9a6809e0_0 .var/i "k", 31 0;
v0x563a9a680ac0_0 .var "op_mode", 3 0;
v0x563a9a680bb0_0 .net "op_ready", 0 0, L_0x563a9a6859b0;  1 drivers
v0x563a9a680c80_0 .var "op_valid", 0 0;
v0x563a9a680d50 .array "opmode_mem", 1023 0, 3 0;
v0x563a9a680df0_0 .net "out_data", 13 0, L_0x563a9a695d30;  1 drivers
v0x563a9a680ec0_0 .net "out_valid", 0 0, L_0x563a9a695ec0;  1 drivers
v0x563a9a680f90_0 .var "rst_n", 0 0;
E_0x563a9a601630 .event posedge, v0x563a9a677840_0;
E_0x563a9a601520 .event negedge, v0x563a9a677840_0;
E_0x563a9a601330 .event edge, v0x563a9a67f6b0_0;
S_0x563a9a5d4310 .scope module, "u_core" "core" 2 72, 3 2 0, S_0x563a9a63d830;
 .timescale -9 -12;
    .port_info 0 /INPUT 1 "i_clk"
    .port_info 1 /INPUT 1 "i_rst_n"
    .port_info 2 /INPUT 1 "i_op_valid"
    .port_info 3 /INPUT 4 "i_op_mode"
    .port_info 4 /OUTPUT 1 "o_op_ready"
    .port_info 5 /INPUT 1 "i_in_valid"
    .port_info 6 /INPUT 8 "i_in_data"
    .port_info 7 /OUTPUT 1 "o_in_ready"
    .port_info 8 /OUTPUT 1 "o_out_valid"
    .port_info 9 /OUTPUT 14 "o_out_data"
P_0x563a9a6537f0 .param/l "S_CONV" 0 3 29, C4<1000>;
P_0x563a9a653830 .param/l "S_HAAR" 0 3 31, C4<1010>;
P_0x563a9a653870 .param/l "S_IDLE" 0 3 20, C4<1111>;
P_0x563a9a6538b0 .param/l "S_INC_DEPTH" 0 3 27, C4<0110>;
P_0x563a9a6538f0 .param/l "S_LOAD" 0 3 21, C4<0000>;
P_0x563a9a653930 .param/l "S_MEDIAN" 0 3 30, C4<1001>;
P_0x563a9a653970 .param/l "S_OUTPUT_PIXEL" 0 3 28, C4<0111>;
P_0x563a9a6539b0 .param/l "S_O_DOWN_SHIFT" 0 3 25, C4<0100>;
P_0x563a9a6539f0 .param/l "S_O_LEFT_SHIFT" 0 3 23, C4<0010>;
P_0x563a9a653a30 .param/l "S_O_RIGHT_SHIFT" 0 3 22, C4<0001>;
P_0x563a9a653a70 .param/l "S_O_UP_SHIFT" 0 3 24, C4<0011>;
P_0x563a9a653ab0 .param/l "S_REDUCE_DEPTH" 0 3 26, C4<0101>;
L_0x563a9a695ec0 .functor BUFZ 1, v0x563a9a67fd80_0, C4<0>, C4<0>, C4<0>;
L_0x7f3518814018 .functor BUFT 1, C4<1111>, C4<0>, C4<0>, C4<0>;
v0x563a9a67dd80_0 .net/2u *"_s0", 3 0, L_0x7f3518814018;  1 drivers
L_0x7f3518814138 .functor BUFT 1, C4<0111>, C4<0>, C4<0>, C4<0>;
v0x563a9a67de80_0 .net/2u *"_s14", 3 0, L_0x7f3518814138;  1 drivers
v0x563a9a67df60_0 .net *"_s16", 0 0, L_0x563a9a685b90;  1 drivers
v0x563a9a67e000_0 .net *"_s18", 13 0, L_0x563a9a685c30;  1 drivers
L_0x7f3518814180 .functor BUFT 1, C4<00000000000000>, C4<0>, C4<0>, C4<0>;
v0x563a9a67e0e0_0 .net/2u *"_s20", 13 0, L_0x7f3518814180;  1 drivers
L_0x7f3518814060 .functor BUFT 1, C4<0000>, C4<0>, C4<0>, C4<0>;
v0x563a9a67e1c0_0 .net/2u *"_s4", 3 0, L_0x7f3518814060;  1 drivers
L_0x7f35188140a8 .functor BUFT 1, C4<1111>, C4<0>, C4<0>, C4<0>;
v0x563a9a67e2a0_0 .net/2u *"_s8", 3 0, L_0x7f35188140a8;  1 drivers
v0x563a9a67e380_0 .var "addr", 11 0;
v0x563a9a67e440_0 .var "depth_r", 5 0;
v0x563a9a67e500_0 .var "depth_w", 5 0;
v0x563a9a67e5e0_0 .var "display_counter_r", 7 0;
v0x563a9a67e6c0_0 .var "display_counter_w", 7 0;
v0x563a9a67e7a0 .array/s "haar_buffer_r", 0 3, 13 0;
v0x563a9a67e8e0 .array/s "haar_buffer_w", 0 3, 13 0;
v0x563a9a67ea50_0 .var "haar_counter_r", 6 0;
v0x563a9a67eb30_0 .var "haar_counter_w", 6 0;
v0x563a9a67ec10_0 .var "haar_read_counter_r", 2 0;
v0x563a9a67ecf0_0 .var "haar_read_counter_w", 2 0;
v0x563a9a67edd0_0 .var/s "haar_temp", 13 0;
v0x563a9a67eeb0_0 .var/i "i", 31 0;
v0x563a9a67ef90_0 .net "i_clk", 0 0, v0x563a9a6803a0_0;  1 drivers
v0x563a9a67f060_0 .net "i_in_data", 7 0, v0x563a9a6805e0_0;  1 drivers
v0x563a9a67f130_0 .net "i_in_valid", 0 0, v0x563a9a6807e0_0;  1 drivers
v0x563a9a67f1d0_0 .net "i_op_mode", 3 0, v0x563a9a680ac0_0;  1 drivers
v0x563a9a67f2b0_0 .net "i_op_valid", 0 0, v0x563a9a680c80_0;  1 drivers
v0x563a9a67f370_0 .net "i_rst_n", 0 0, v0x563a9a680f90_0;  1 drivers
v0x563a9a67f430_0 .var "load_counter_r", 11 0;
v0x563a9a67f510_0 .var "load_counter_w", 11 0;
v0x563a9a67f5f0_0 .net "o_in_ready", 0 0, L_0x7f35188140f0;  alias, 1 drivers
v0x563a9a67f6b0_0 .net "o_op_ready", 0 0, L_0x563a9a6859b0;  alias, 1 drivers
v0x563a9a67f770_0 .net "o_out_data", 13 0, L_0x563a9a695d30;  alias, 1 drivers
v0x563a9a67f850_0 .net "o_out_valid", 0 0, L_0x563a9a695ec0;  alias, 1 drivers
v0x563a9a67f910_0 .var "origin_x_r", 2 0;
v0x563a9a67f9f0_0 .var "origin_x_w", 2 0;
v0x563a9a67fad0_0 .var "origin_y_r", 2 0;
v0x563a9a67fbb0_0 .var "origin_y_w", 2 0;
v0x563a9a67fc90_0 .net "read_data", 7 0, L_0x563a9a681960;  1 drivers
v0x563a9a67fd80_0 .var "result_flag_r", 0 0;
v0x563a9a67fe20_0 .var "result_flag_w", 0 0;
v0x563a9a67fee0_0 .var "result_r", 13 0;
v0x563a9a67ffc0_0 .var "result_w", 13 0;
v0x563a9a6800a0_0 .var "state_r", 3 0;
v0x563a9a680180_0 .var "state_w", 3 0;
E_0x563a9a6011e0/0 .event negedge, v0x563a9a67f370_0;
E_0x563a9a6011e0/1 .event posedge, v0x563a9a677840_0;
E_0x563a9a6011e0 .event/or E_0x563a9a6011e0/0, E_0x563a9a6011e0/1;
E_0x563a9a5ff710/0 .event edge, v0x563a9a67f910_0, v0x563a9a67fad0_0, v0x563a9a67f430_0, v0x563a9a67e440_0;
E_0x563a9a5ff710/1 .event edge, v0x563a9a67e5e0_0, v0x563a9a67fee0_0, v0x563a9a67ea50_0, v0x563a9a67ec10_0;
v0x563a9a67e7a0_0 .array/port v0x563a9a67e7a0, 0;
v0x563a9a67e7a0_1 .array/port v0x563a9a67e7a0, 1;
v0x563a9a67e7a0_2 .array/port v0x563a9a67e7a0, 2;
E_0x563a9a5ff710/2 .event edge, v0x563a9a67eeb0_0, v0x563a9a67e7a0_0, v0x563a9a67e7a0_1, v0x563a9a67e7a0_2;
v0x563a9a67e7a0_3 .array/port v0x563a9a67e7a0, 3;
E_0x563a9a5ff710/3 .event edge, v0x563a9a67e7a0_3, v0x563a9a6800a0_0, v0x563a9a679c90_0, v0x563a9a67edd0_0;
v0x563a9a67e8e0_0 .array/port v0x563a9a67e8e0, 0;
v0x563a9a67e8e0_1 .array/port v0x563a9a67e8e0, 1;
v0x563a9a67e8e0_2 .array/port v0x563a9a67e8e0, 2;
v0x563a9a67e8e0_3 .array/port v0x563a9a67e8e0, 3;
E_0x563a9a5ff710/4 .event edge, v0x563a9a67e8e0_0, v0x563a9a67e8e0_1, v0x563a9a67e8e0_2, v0x563a9a67e8e0_3;
E_0x563a9a5ff710 .event/or E_0x563a9a5ff710/0, E_0x563a9a5ff710/1, E_0x563a9a5ff710/2, E_0x563a9a5ff710/3, E_0x563a9a5ff710/4;
E_0x563a9a5ff860/0 .event edge, v0x563a9a6800a0_0, v0x563a9a67f2b0_0, v0x563a9a67f1d0_0, v0x563a9a680180_0;
E_0x563a9a5ff860/1 .event edge, v0x563a9a67f430_0, v0x563a9a67e5e0_0, v0x563a9a67e440_0, v0x563a9a67ea50_0;
E_0x563a9a5ff860 .event/or E_0x563a9a5ff860/0, E_0x563a9a5ff860/1;
L_0x563a9a6856e0 .cmp/eq 4, v0x563a9a6800a0_0, L_0x7f3518814018;
L_0x563a9a685820 .cmp/ne 4, v0x563a9a6800a0_0, L_0x7f3518814060;
L_0x563a9a6859b0 .cmp/eq 4, v0x563a9a6800a0_0, L_0x7f35188140a8;
L_0x563a9a685b90 .cmp/eq 4, v0x563a9a6800a0_0, L_0x7f3518814138;
L_0x563a9a685c30 .functor MUXZ 14, v0x563a9a67fee0_0, v0x563a9a67ffc0_0, L_0x563a9a685b90, C4<>;
L_0x563a9a695d30 .functor MUXZ 14, L_0x7f3518814180, L_0x563a9a685c30, v0x563a9a67fd80_0, C4<>;
S_0x563a9a594260 .scope module, "mem" "sram_4096x8" 3 56, 4 55 1, S_0x563a9a5d4310;
 .timescale -9 -12;
    .port_info 0 /OUTPUT 8 "Q"
    .port_info 1 /INPUT 1 "CLK"
    .port_info 2 /INPUT 1 "CEN"
    .port_info 3 /INPUT 1 "WEN"
    .port_info 4 /INPUT 12 "A"
    .port_info 5 /INPUT 8 "D"
P_0x563a9a5fcbb0 .param/l "BITS" 0 4 63, +C4<00000000000000000000000000001000>;
P_0x563a9a5fcbf0 .param/l "addr_width" 0 4 65, +C4<00000000000000000000000000001100>;
P_0x563a9a5fcc30 .param/l "addrx" 0 4 67, C4<xxxxxxxxxxxx>;
P_0x563a9a5fcc70 .param/l "word_depth" 0 4 64, +C4<00000000000000000001000000000000>;
P_0x563a9a5fccb0 .param/l "wordx" 0 4 66, C4<xxxxxxxx>;
L_0x563a9a5ff370 .functor BUF 1, L_0x563a9a6810c0, C4<0>, C4<0>, C4<0>;
L_0x563a9a5ff150 .functor BUF 1, L_0x563a9a6811c0, C4<0>, C4<0>, C4<0>;
L_0x563a9a5fee20 .functor BUF 1, L_0x563a9a681300, C4<0>, C4<0>, C4<0>;
L_0x563a9a5fec00 .functor BUF 1, L_0x563a9a681450, C4<0>, C4<0>, C4<0>;
L_0x563a9a5feaf0 .functor BUF 1, L_0x563a9a681630, C4<0>, C4<0>, C4<0>;
L_0x563a9a5fed10 .functor BUF 1, L_0x563a9a681740, C4<0>, C4<0>, C4<0>;
L_0x563a9a5fef30 .functor BUF 1, L_0x563a9a681870, C4<0>, C4<0>, C4<0>;
L_0x563a9a681d20 .functor BUF 1, L_0x563a9a681e30, C4<0>, C4<0>, C4<0>;
L_0x563a9a681f20 .functor BUF 1, L_0x563a9a681f90, C4<0>, C4<0>, C4<0>;
L_0x563a9a6820e0 .functor BUF 1, L_0x563a9a6821b0, C4<0>, C4<0>, C4<0>;
L_0x563a9a682250 .functor BUF 1, L_0x563a9a6822c0, C4<0>, C4<0>, C4<0>;
L_0x563a9a6823d0 .functor BUF 1, L_0x563a9a6824b0, C4<0>, C4<0>, C4<0>;
L_0x563a9a682550 .functor BUF 1, L_0x563a9a6825c0, C4<0>, C4<0>, C4<0>;
L_0x563a9a682360 .functor BUF 1, L_0x563a9a6827b0, C4<0>, C4<0>, C4<0>;
L_0x563a9a682440 .functor BUF 1, L_0x563a9a6828a0, C4<0>, C4<0>, C4<0>;
L_0x563a9a682d40 .functor BUF 1, L_0x563a9a682e90, C4<0>, C4<0>, C4<0>;
L_0x563a9a683020 .functor BUF 1, L_0x563a9a683090, C4<0>, C4<0>, C4<0>;
L_0x563a9a6831d0 .functor BUF 1, L_0x563a9a6832e0, C4<0>, C4<0>, C4<0>;
L_0x563a9a683480 .functor BUF 1, L_0x563a9a682f80, C4<0>, C4<0>, C4<0>;
L_0x563a9a683540 .functor BUF 1, L_0x563a9a683240, C4<0>, C4<0>, C4<0>;
L_0x563a9a683720 .functor BUF 1, L_0x563a9a683790, C4<0>, C4<0>, C4<0>;
L_0x563a9a683880 .functor BUF 1, L_0x563a9a6839b0, C4<0>, C4<0>, C4<0>;
L_0x563a9a683b70 .functor BUF 1, L_0x563a9a683be0, C4<0>, C4<0>, C4<0>;
L_0x563a9a683de0 .functor BUF 1, L_0x563a9a683f20, C4<0>, C4<0>, C4<0>;
L_0x563a9a6840f0 .functor BUF 1, L_0x563a9a684160, C4<0>, C4<0>, C4<0>;
L_0x563a9a684250 .functor BUF 1, L_0x563a9a6843d0, C4<0>, C4<0>, C4<0>;
L_0x563a9a6845b0 .functor BUF 1, L_0x563a9a684650, C4<0>, C4<0>, C4<0>;
L_0x563a9a684cc0 .functor BUF 1, L_0x563a9a684e70, C4<0>, C4<0>, C4<0>;
L_0x563a9a684f60 .functor BUF 1, v0x563a9a6803a0_0, C4<0>, C4<0>, C4<0>;
L_0x563a9a684fd0 .functor BUF 1, L_0x563a9a685820, C4<0>, C4<0>, C4<0>;
L_0x563a9a685140 .functor BUF 1, L_0x563a9a6856e0, C4<0>, C4<0>, C4<0>;
L_0x563a9a685530 .functor OR 1, L_0x563a9a685140, L_0x563a9a684fd0, C4<0>, C4<0>;
v0x563a9a677500_0 .net "A", 11 0, v0x563a9a67e380_0;  1 drivers
v0x563a9a677600_0 .var "Ai", 11 0;
v0x563a9a6776e0_0 .net "CEN", 0 0, L_0x563a9a6856e0;  1 drivers
v0x563a9a677780_0 .var "CENi", 0 0;
v0x563a9a677840_0 .net "CLK", 0 0, v0x563a9a6803a0_0;  alias, 1 drivers
v0x563a9a677950_0 .net "D", 7 0, v0x563a9a6805e0_0;  alias, 1 drivers
v0x563a9a677a30_0 .var "Di", 7 0;
v0x563a9a677b10_0 .var "LAST_CLK", 0 0;
v0x563a9a677bd0_0 .var "LAST_NOT_A", 11 0;
v0x563a9a677d40_0 .var "LAST_NOT_CEN", 0 0;
v0x563a9a677e00_0 .var "LAST_NOT_CLK_MINH", 0 0;
v0x563a9a677ec0_0 .var "LAST_NOT_CLK_MINL", 0 0;
v0x563a9a677f80_0 .var "LAST_NOT_CLK_PER", 0 0;
v0x563a9a678040_0 .var "LAST_NOT_D", 7 0;
v0x563a9a678120_0 .var "LAST_NOT_WEN", 0 0;
v0x563a9a6781e0_0 .var "LAST_Qi", 7 0;
v0x563a9a6782c0_0 .var "LATCHED_A", 11 0;
v0x563a9a6783a0_0 .var "LATCHED_CEN", 0 0;
v0x563a9a678460_0 .var "LATCHED_D", 7 0;
v0x563a9a678540_0 .var "LATCHED_WEN", 0 0;
v0x563a9a678600_0 .var "NOT_A", 11 0;
v0x563a9a6786e0_0 .var "NOT_A0", 0 0;
v0x563a9a6787a0_0 .var "NOT_A1", 0 0;
v0x563a9a678860_0 .var "NOT_A10", 0 0;
v0x563a9a678920_0 .var "NOT_A11", 0 0;
v0x563a9a6789e0_0 .var "NOT_A2", 0 0;
v0x563a9a678aa0_0 .var "NOT_A3", 0 0;
v0x563a9a678b60_0 .var "NOT_A4", 0 0;
v0x563a9a678c20_0 .var "NOT_A5", 0 0;
v0x563a9a678ce0_0 .var "NOT_A6", 0 0;
v0x563a9a678da0_0 .var "NOT_A7", 0 0;
v0x563a9a678e60_0 .var "NOT_A8", 0 0;
v0x563a9a678f20_0 .var "NOT_A9", 0 0;
v0x563a9a6791f0_0 .var "NOT_CEN", 0 0;
v0x563a9a6792b0_0 .var "NOT_CLK_MINH", 0 0;
v0x563a9a679370_0 .var "NOT_CLK_MINL", 0 0;
v0x563a9a679430_0 .var "NOT_CLK_PER", 0 0;
v0x563a9a6794f0_0 .var "NOT_D", 7 0;
v0x563a9a6795d0_0 .var "NOT_D0", 0 0;
v0x563a9a679690_0 .var "NOT_D1", 0 0;
v0x563a9a679750_0 .var "NOT_D2", 0 0;
v0x563a9a679810_0 .var "NOT_D3", 0 0;
v0x563a9a6798d0_0 .var "NOT_D4", 0 0;
v0x563a9a679990_0 .var "NOT_D5", 0 0;
v0x563a9a679a50_0 .var "NOT_D6", 0 0;
v0x563a9a679b10_0 .var "NOT_D7", 0 0;
v0x563a9a679bd0_0 .var "NOT_WEN", 0 0;
v0x563a9a679c90_0 .net "Q", 7 0, L_0x563a9a681960;  alias, 1 drivers
v0x563a9a679d70_0 .var "Qi", 7 0;
v0x563a9a679e50_0 .net "WEN", 0 0, L_0x563a9a685820;  1 drivers
v0x563a9a679f10_0 .var "WENi", 0 0;
v0x563a9a679fd0_0 .net "_A", 11 0, L_0x563a9a684740;  1 drivers
v0x563a9a67a0b0_0 .net "_CEN", 0 0, L_0x563a9a685140;  1 drivers
v0x563a9a67a170_0 .net "_CLK", 0 0, L_0x563a9a684f60;  1 drivers
v0x563a9a67a230_0 .net "_D", 7 0, L_0x563a9a682a20;  1 drivers
v0x563a9a67a310_0 .net "_Q", 7 0, v0x563a9a679d70_0;  1 drivers
v0x563a9a67a3f0_0 .net "_WEN", 0 0, L_0x563a9a684fd0;  1 drivers
v0x563a9a67a4b0_0 .net *"_s1", 0 0, L_0x563a9a5ff370;  1 drivers
v0x563a9a67a590_0 .net *"_s101", 0 0, L_0x563a9a683240;  1 drivers
v0x563a9a67a670_0 .net *"_s103", 0 0, L_0x563a9a683720;  1 drivers
v0x563a9a67a750_0 .net *"_s106", 0 0, L_0x563a9a683790;  1 drivers
v0x563a9a67a830_0 .net *"_s108", 0 0, L_0x563a9a683880;  1 drivers
v0x563a9a67a910_0 .net *"_s11", 0 0, L_0x563a9a5fee20;  1 drivers
v0x563a9a67a9f0_0 .net *"_s111", 0 0, L_0x563a9a6839b0;  1 drivers
v0x563a9a67aad0_0 .net *"_s113", 0 0, L_0x563a9a683b70;  1 drivers
v0x563a9a67afc0_0 .net *"_s116", 0 0, L_0x563a9a683be0;  1 drivers
v0x563a9a67b0a0_0 .net *"_s118", 0 0, L_0x563a9a683de0;  1 drivers
v0x563a9a67b180_0 .net *"_s121", 0 0, L_0x563a9a683f20;  1 drivers
v0x563a9a67b260_0 .net *"_s123", 0 0, L_0x563a9a6840f0;  1 drivers
v0x563a9a67b340_0 .net *"_s126", 0 0, L_0x563a9a684160;  1 drivers
v0x563a9a67b420_0 .net *"_s128", 0 0, L_0x563a9a684250;  1 drivers
v0x563a9a67b500_0 .net *"_s131", 0 0, L_0x563a9a6843d0;  1 drivers
v0x563a9a67b5e0_0 .net *"_s133", 0 0, L_0x563a9a6845b0;  1 drivers
v0x563a9a67b6c0_0 .net *"_s136", 0 0, L_0x563a9a684650;  1 drivers
v0x563a9a67b7a0_0 .net *"_s138", 0 0, L_0x563a9a684cc0;  1 drivers
v0x563a9a67b880_0 .net *"_s14", 0 0, L_0x563a9a681300;  1 drivers
v0x563a9a67b960_0 .net *"_s142", 0 0, L_0x563a9a684e70;  1 drivers
v0x563a9a67ba40_0 .net *"_s150", 0 0, L_0x563a9a685530;  1 drivers
v0x563a9a67bb00_0 .net *"_s16", 0 0, L_0x563a9a5fec00;  1 drivers
v0x563a9a67bbe0_0 .net *"_s19", 0 0, L_0x563a9a681450;  1 drivers
v0x563a9a67bcc0_0 .net *"_s21", 0 0, L_0x563a9a5feaf0;  1 drivers
v0x563a9a67bda0_0 .net *"_s24", 0 0, L_0x563a9a681630;  1 drivers
v0x563a9a67be80_0 .net *"_s26", 0 0, L_0x563a9a5fed10;  1 drivers
v0x563a9a67bf60_0 .net *"_s29", 0 0, L_0x563a9a681740;  1 drivers
v0x563a9a67c040_0 .net *"_s31", 0 0, L_0x563a9a5fef30;  1 drivers
v0x563a9a67c120_0 .net *"_s34", 0 0, L_0x563a9a681870;  1 drivers
v0x563a9a67c200_0 .net *"_s36", 0 0, L_0x563a9a681d20;  1 drivers
v0x563a9a67c2e0_0 .net *"_s4", 0 0, L_0x563a9a6810c0;  1 drivers
v0x563a9a67c3c0_0 .net *"_s40", 0 0, L_0x563a9a681e30;  1 drivers
v0x563a9a67c4a0_0 .net *"_s42", 0 0, L_0x563a9a681f20;  1 drivers
v0x563a9a67c580_0 .net *"_s45", 0 0, L_0x563a9a681f90;  1 drivers
v0x563a9a67c660_0 .net *"_s47", 0 0, L_0x563a9a6820e0;  1 drivers
v0x563a9a67c740_0 .net *"_s50", 0 0, L_0x563a9a6821b0;  1 drivers
v0x563a9a67c820_0 .net *"_s52", 0 0, L_0x563a9a682250;  1 drivers
v0x563a9a67c900_0 .net *"_s55", 0 0, L_0x563a9a6822c0;  1 drivers
v0x563a9a67c9e0_0 .net *"_s57", 0 0, L_0x563a9a6823d0;  1 drivers
v0x563a9a67cac0_0 .net *"_s6", 0 0, L_0x563a9a5ff150;  1 drivers
v0x563a9a67cba0_0 .net *"_s60", 0 0, L_0x563a9a6824b0;  1 drivers
v0x563a9a67cc80_0 .net *"_s62", 0 0, L_0x563a9a682550;  1 drivers
v0x563a9a67cd60_0 .net *"_s65", 0 0, L_0x563a9a6825c0;  1 drivers
v0x563a9a67ce40_0 .net *"_s67", 0 0, L_0x563a9a682360;  1 drivers
v0x563a9a67cf20_0 .net *"_s70", 0 0, L_0x563a9a6827b0;  1 drivers
v0x563a9a67d000_0 .net *"_s72", 0 0, L_0x563a9a682440;  1 drivers
v0x563a9a67d0e0_0 .net *"_s75", 0 0, L_0x563a9a6828a0;  1 drivers
v0x563a9a67d1c0_0 .net *"_s77", 0 0, L_0x563a9a682d40;  1 drivers
v0x563a9a67d2a0_0 .net *"_s81", 0 0, L_0x563a9a682e90;  1 drivers
v0x563a9a67d380_0 .net *"_s83", 0 0, L_0x563a9a683020;  1 drivers
v0x563a9a67d460_0 .net *"_s86", 0 0, L_0x563a9a683090;  1 drivers
v0x563a9a67d540_0 .net *"_s88", 0 0, L_0x563a9a6831d0;  1 drivers
v0x563a9a67d620_0 .net *"_s9", 0 0, L_0x563a9a6811c0;  1 drivers
v0x563a9a67d700_0 .net *"_s91", 0 0, L_0x563a9a6832e0;  1 drivers
v0x563a9a67d7e0_0 .net *"_s93", 0 0, L_0x563a9a683480;  1 drivers
v0x563a9a67d8c0_0 .net *"_s96", 0 0, L_0x563a9a682f80;  1 drivers
v0x563a9a67d9a0_0 .net *"_s98", 0 0, L_0x563a9a683540;  1 drivers
v0x563a9a67da80 .array "mem", 0 4095, 7 0;
v0x563a9a67db40_0 .net "re_data_flag", 0 0, L_0x563a9a6855f0;  1 drivers
v0x563a9a67dc00_0 .net "re_flag", 0 0, L_0x563a9a685330;  1 drivers
E_0x563a9a637500 .event edge, v0x563a9a67a170_0;
E_0x563a9a63b6a0/0 .event edge, v0x563a9a679370_0, v0x563a9a6792b0_0, v0x563a9a679430_0, v0x563a9a6791f0_0;
E_0x563a9a63b6a0/1 .event edge, v0x563a9a679bd0_0, v0x563a9a679b10_0, v0x563a9a679a50_0, v0x563a9a679990_0;
E_0x563a9a63b6a0/2 .event edge, v0x563a9a6798d0_0, v0x563a9a679810_0, v0x563a9a679750_0, v0x563a9a679690_0;
E_0x563a9a63b6a0/3 .event edge, v0x563a9a6795d0_0, v0x563a9a678920_0, v0x563a9a678860_0, v0x563a9a678f20_0;
E_0x563a9a63b6a0/4 .event edge, v0x563a9a678e60_0, v0x563a9a678da0_0, v0x563a9a678ce0_0, v0x563a9a678c20_0;
E_0x563a9a63b6a0/5 .event edge, v0x563a9a678b60_0, v0x563a9a678aa0_0, v0x563a9a6789e0_0, v0x563a9a6787a0_0;
E_0x563a9a63b6a0/6 .event edge, v0x563a9a6786e0_0;
E_0x563a9a63b6a0 .event/or E_0x563a9a63b6a0/0, E_0x563a9a63b6a0/1, E_0x563a9a63b6a0/2, E_0x563a9a63b6a0/3, E_0x563a9a63b6a0/4, E_0x563a9a63b6a0/5, E_0x563a9a63b6a0/6;
L_0x563a9a6810c0 .part v0x563a9a679d70_0, 0, 1;
L_0x563a9a6811c0 .part v0x563a9a679d70_0, 1, 1;
L_0x563a9a681300 .part v0x563a9a679d70_0, 2, 1;
L_0x563a9a681450 .part v0x563a9a679d70_0, 3, 1;
L_0x563a9a681630 .part v0x563a9a679d70_0, 4, 1;
L_0x563a9a681740 .part v0x563a9a679d70_0, 5, 1;
L_0x563a9a681870 .part v0x563a9a679d70_0, 6, 1;
LS_0x563a9a681960_0_0 .concat8 [ 1 1 1 1], L_0x563a9a5ff370, L_0x563a9a5ff150, L_0x563a9a5fee20, L_0x563a9a5fec00;
LS_0x563a9a681960_0_4 .concat8 [ 1 1 1 1], L_0x563a9a5feaf0, L_0x563a9a5fed10, L_0x563a9a5fef30, L_0x563a9a681d20;
L_0x563a9a681960 .concat8 [ 4 4 0 0], LS_0x563a9a681960_0_0, LS_0x563a9a681960_0_4;
L_0x563a9a681e30 .part v0x563a9a679d70_0, 7, 1;
L_0x563a9a681f90 .part v0x563a9a6805e0_0, 0, 1;
L_0x563a9a6821b0 .part v0x563a9a6805e0_0, 1, 1;
L_0x563a9a6822c0 .part v0x563a9a6805e0_0, 2, 1;
L_0x563a9a6824b0 .part v0x563a9a6805e0_0, 3, 1;
L_0x563a9a6825c0 .part v0x563a9a6805e0_0, 4, 1;
L_0x563a9a6827b0 .part v0x563a9a6805e0_0, 5, 1;
L_0x563a9a6828a0 .part v0x563a9a6805e0_0, 6, 1;
LS_0x563a9a682a20_0_0 .concat8 [ 1 1 1 1], L_0x563a9a681f20, L_0x563a9a6820e0, L_0x563a9a682250, L_0x563a9a6823d0;
LS_0x563a9a682a20_0_4 .concat8 [ 1 1 1 1], L_0x563a9a682550, L_0x563a9a682360, L_0x563a9a682440, L_0x563a9a682d40;
L_0x563a9a682a20 .concat8 [ 4 4 0 0], LS_0x563a9a682a20_0_0, LS_0x563a9a682a20_0_4;
L_0x563a9a682e90 .part v0x563a9a6805e0_0, 7, 1;
L_0x563a9a683090 .part v0x563a9a67e380_0, 0, 1;
L_0x563a9a6832e0 .part v0x563a9a67e380_0, 1, 1;
L_0x563a9a682f80 .part v0x563a9a67e380_0, 2, 1;
L_0x563a9a683240 .part v0x563a9a67e380_0, 3, 1;
L_0x563a9a683790 .part v0x563a9a67e380_0, 4, 1;
L_0x563a9a6839b0 .part v0x563a9a67e380_0, 5, 1;
L_0x563a9a683be0 .part v0x563a9a67e380_0, 6, 1;
L_0x563a9a683f20 .part v0x563a9a67e380_0, 7, 1;
L_0x563a9a684160 .part v0x563a9a67e380_0, 8, 1;
L_0x563a9a6843d0 .part v0x563a9a67e380_0, 9, 1;
L_0x563a9a684650 .part v0x563a9a67e380_0, 10, 1;
LS_0x563a9a684740_0_0 .concat8 [ 1 1 1 1], L_0x563a9a683020, L_0x563a9a6831d0, L_0x563a9a683480, L_0x563a9a683540;
LS_0x563a9a684740_0_4 .concat8 [ 1 1 1 1], L_0x563a9a683720, L_0x563a9a683880, L_0x563a9a683b70, L_0x563a9a683de0;
LS_0x563a9a684740_0_8 .concat8 [ 1 1 1 1], L_0x563a9a6840f0, L_0x563a9a684250, L_0x563a9a6845b0, L_0x563a9a684cc0;
L_0x563a9a684740 .concat8 [ 4 4 4 0], LS_0x563a9a684740_0_0, LS_0x563a9a684740_0_4, LS_0x563a9a684740_0_8;
L_0x563a9a684e70 .part v0x563a9a67e380_0, 11, 1;
L_0x563a9a685330 .reduce/nor L_0x563a9a685140;
L_0x563a9a6855f0 .reduce/nor L_0x563a9a685530;
S_0x563a9a6583e0 .scope task, "latch_inputs" "latch_inputs" 4 215, 4 215 0, S_0x563a9a594260;
 .timescale -9 -12;
TD_testbed.u_core.mem.latch_inputs ;
    %load/vec4 v0x563a9a679fd0_0;
    %store/vec4 v0x563a9a6782c0_0, 0, 12;
    %load/vec4 v0x563a9a67a230_0;
    %store/vec4 v0x563a9a678460_0, 0, 8;
    %load/vec4 v0x563a9a67a3f0_0;
    %store/vec4 v0x563a9a678540_0, 0, 1;
    %load/vec4 v0x563a9a67a0b0_0;
    %store/vec4 v0x563a9a6783a0_0, 0, 1;
    %load/vec4 v0x563a9a679d70_0;
    %store/vec4 v0x563a9a6781e0_0, 0, 8;
    %end;
S_0x563a9a658560 .scope task, "mem_cycle" "mem_cycle" 4 174, 4 174 0, S_0x563a9a594260;
 .timescale -9 -12;
TD_testbed.u_core.mem.mem_cycle ;
    %load/vec4 v0x563a9a679f10_0;
    %load/vec4 v0x563a9a677780_0;
    %concat/vec4; draw_concat_vec4
    %dup/vec4;
    %pushi/vec4 2, 0, 2;
    %cmp/z;
    %jmp/1 T_1.0, 4;
    %dup/vec4;
    %pushi/vec4 0, 0, 2;
    %cmp/z;
    %jmp/1 T_1.1, 4;
    %dup/vec4;
    %pushi/vec4 1, 2, 2;
    %cmp/z;
    %jmp/1 T_1.2, 4;
    %dup/vec4;
    %pushi/vec4 3, 1, 2;
    %cmp/z;
    %jmp/1 T_1.3, 4;
    %dup/vec4;
    %pushi/vec4 2, 2, 2;
    %cmp/z;
    %jmp/1 T_1.4, 4;
    %dup/vec4;
    %pushi/vec4 1, 1, 2;
    %cmp/z;
    %jmp/1 T_1.5, 4;
    %dup/vec4;
    %pushi/vec4 3, 3, 2;
    %cmp/z;
    %jmp/1 T_1.6, 4;
    %jmp T_1.7;
T_1.0 ;
    %pushi/vec4 1, 0, 1;
    %store/vec4 v0x563a9a654b90_0, 0, 1;
    %pushi/vec4 0, 0, 1;
    %store/vec4 v0x563a9a654d30_0, 0, 1;
    %fork TD_testbed.u_core.mem.read_mem, S_0x563a9a658860;
    %join;
    %jmp T_1.7;
T_1.1 ;
    %load/vec4 v0x563a9a677600_0;
    %store/vec4 v0x563a9a676b00_0, 0, 12;
    %load/vec4 v0x563a9a677a30_0;
    %store/vec4 v0x563a9a676c00_0, 0, 8;
    %fork TD_testbed.u_core.mem.write_mem, S_0x563a9a676930;
    %join;
    %pushi/vec4 0, 0, 1;
    %store/vec4 v0x563a9a654b90_0, 0, 1;
    %pushi/vec4 0, 0, 1;
    %store/vec4 v0x563a9a654d30_0, 0, 1;
    %fork TD_testbed.u_core.mem.read_mem, S_0x563a9a658860;
    %join;
    %jmp T_1.7;
T_1.2 ;
    %jmp T_1.7;
T_1.3 ;
    %pushi/vec4 0, 0, 1;
    %store/vec4 v0x563a9a654b90_0, 0, 1;
    %pushi/vec4 1, 0, 1;
    %store/vec4 v0x563a9a654d30_0, 0, 1;
    %fork TD_testbed.u_core.mem.read_mem, S_0x563a9a658860;
    %join;
    %jmp T_1.7;
T_1.4 ;
    %load/vec4 v0x563a9a677600_0;
    %store/vec4 v0x563a9a676e60_0, 0, 12;
    %fork TD_testbed.u_core.mem.write_mem_x, S_0x563a9a676ce0;
    %join;
    %pushi/vec4 0, 0, 1;
    %store/vec4 v0x563a9a654b90_0, 0, 1;
    %pushi/vec4 1, 0, 1;
    %store/vec4 v0x563a9a654d30_0, 0, 1;
    %fork TD_testbed.u_core.mem.read_mem, S_0x563a9a658860;
    %join;
    %jmp T_1.7;
T_1.5 ;
    %load/vec4 v0x563a9a677600_0;
    %store/vec4 v0x563a9a676e60_0, 0, 12;
    %fork TD_testbed.u_core.mem.write_mem_x, S_0x563a9a676ce0;
    %join;
    %pushi/vec4 0, 0, 1;
    %store/vec4 v0x563a9a654b90_0, 0, 1;
    %pushi/vec4 1, 0, 1;
    %store/vec4 v0x563a9a654d30_0, 0, 1;
    %fork TD_testbed.u_core.mem.read_mem, S_0x563a9a658860;
    %join;
    %jmp T_1.7;
T_1.6 ;
    %load/vec4 v0x563a9a677600_0;
    %store/vec4 v0x563a9a676e60_0, 0, 12;
    %fork TD_testbed.u_core.mem.write_mem_x, S_0x563a9a676ce0;
    %join;
    %pushi/vec4 0, 0, 1;
    %store/vec4 v0x563a9a654b90_0, 0, 1;
    %pushi/vec4 1, 0, 1;
    %store/vec4 v0x563a9a654d30_0, 0, 1;
    %fork TD_testbed.u_core.mem.read_mem, S_0x563a9a658860;
    %join;
    %jmp T_1.7;
T_1.7 ;
    %pop/vec4 1;
    %end;
S_0x563a9a6586e0 .scope task, "process_violations" "process_violations" 4 316, 4 316 0, S_0x563a9a594260;
 .timescale -9 -12;
TD_testbed.u_core.mem.process_violations ;
    %load/vec4 v0x563a9a679430_0;
    %load/vec4 v0x563a9a677f80_0;
    %cmp/ne;
    %flag_mov 8, 6;
    %load/vec4 v0x563a9a6792b0_0;
    %load/vec4 v0x563a9a677e00_0;
    %cmp/ne;
    %flag_or 6, 8;
    %flag_mov 8, 6;
    %load/vec4 v0x563a9a679370_0;
    %load/vec4 v0x563a9a677ec0_0;
    %cmp/ne;
    %flag_or 6, 8;
    %jmp/0xz  T_2.8, 6;
    %load/vec4 v0x563a9a677780_0;
    %cmpi/ne 1, 0, 1;
    %jmp/0xz  T_2.10, 6;
    %fork TD_testbed.u_core.mem.x_mem, S_0x563a9a677230;
    %join;
    %pushi/vec4 0, 0, 1;
    %store/vec4 v0x563a9a654b90_0, 0, 1;
    %pushi/vec4 1, 0, 1;
    %store/vec4 v0x563a9a654d30_0, 0, 1;
    %fork TD_testbed.u_core.mem.read_mem, S_0x563a9a658860;
    %join;
T_2.10 ;
    %jmp T_2.9;
T_2.8 ;
    %fork TD_testbed.u_core.mem.update_notifier_buses, S_0x563a9a6763d0;
    %join;
    %fork TD_testbed.u_core.mem.x_inputs, S_0x563a9a676f60;
    %join;
    %fork TD_testbed.u_core.mem.update_logic, S_0x563a9a676200;
    %join;
    %fork TD_testbed.u_core.mem.mem_cycle, S_0x563a9a658560;
    %join;
T_2.9 ;
    %fork TD_testbed.u_core.mem.update_last_notifiers, S_0x563a9a675fe0;
    %join;
    %end;
S_0x563a9a658860 .scope task, "read_mem" "read_mem" 4 254, 4 254 0, S_0x563a9a594260;
 .timescale -9 -12;
v0x563a9a654b90_0 .var "r_wb", 0 0;
v0x563a9a654d30_0 .var "xflag", 0 0;
TD_testbed.u_core.mem.read_mem ;
    %load/vec4 v0x563a9a654b90_0;
    %flag_set/vec4 8;
    %jmp/0xz  T_3.12, 8;
    %load/vec4 v0x563a9a677600_0;
    %store/vec4 v0x563a9a676770_0, 0, 12;
    %fork TD_testbed.u_core.mem.valid_address, S_0x563a9a6765a0;
    %join;
    %load/vec4  v0x563a9a676870_0;
    %flag_set/vec4 8;
    %jmp/0xz  T_3.14, 8;
    %load/vec4 v0x563a9a677600_0;
    %pad/u 14;
    %ix/vec4 4;
    %load/vec4a v0x563a9a67da80, 4;
    %store/vec4 v0x563a9a679d70_0, 0, 8;
    %jmp T_3.15;
T_3.14 ;
    %fork TD_testbed.u_core.mem.x_mem, S_0x563a9a677230;
    %join;
    %pushi/vec4 255, 255, 8;
    %store/vec4 v0x563a9a679d70_0, 0, 8;
T_3.15 ;
    %jmp T_3.13;
T_3.12 ;
    %load/vec4 v0x563a9a654d30_0;
    %flag_set/vec4 8;
    %jmp/0xz  T_3.16, 8;
    %pushi/vec4 255, 255, 8;
    %store/vec4 v0x563a9a679d70_0, 0, 8;
    %jmp T_3.17;
T_3.16 ;
    %load/vec4 v0x563a9a677a30_0;
    %store/vec4 v0x563a9a679d70_0, 0, 8;
T_3.17 ;
T_3.13 ;
    %end;
S_0x563a9a675fe0 .scope task, "update_last_notifiers" "update_last_notifiers" 4 203, 4 203 0, S_0x563a9a594260;
 .timescale -9 -12;
TD_testbed.u_core.mem.update_last_notifiers ;
    %load/vec4 v0x563a9a678600_0;
    %store/vec4 v0x563a9a677bd0_0, 0, 12;
    %load/vec4 v0x563a9a6794f0_0;
    %store/vec4 v0x563a9a678040_0, 0, 8;
    %load/vec4 v0x563a9a679bd0_0;
    %store/vec4 v0x563a9a678120_0, 0, 1;
    %load/vec4 v0x563a9a6791f0_0;
    %store/vec4 v0x563a9a677d40_0, 0, 1;
    %load/vec4 v0x563a9a679430_0;
    %store/vec4 v0x563a9a677f80_0, 0, 1;
    %load/vec4 v0x563a9a6792b0_0;
    %store/vec4 v0x563a9a677e00_0, 0, 1;
    %load/vec4 v0x563a9a679370_0;
    %store/vec4 v0x563a9a677ec0_0, 0, 1;
    %end;
S_0x563a9a676200 .scope task, "update_logic" "update_logic" 4 226, 4 226 0, S_0x563a9a594260;
 .timescale -9 -12;
TD_testbed.u_core.mem.update_logic ;
    %load/vec4 v0x563a9a6783a0_0;
    %store/vec4 v0x563a9a677780_0, 0, 1;
    %load/vec4 v0x563a9a678540_0;
    %store/vec4 v0x563a9a679f10_0, 0, 1;
    %load/vec4 v0x563a9a6782c0_0;
    %store/vec4 v0x563a9a677600_0, 0, 12;
    %load/vec4 v0x563a9a678460_0;
    %store/vec4 v0x563a9a677a30_0, 0, 8;
    %end;
S_0x563a9a6763d0 .scope task, "update_notifier_buses" "update_notifier_buses" 4 147, 4 147 0, S_0x563a9a594260;
 .timescale -9 -12;
TD_testbed.u_core.mem.update_notifier_buses ;
    %load/vec4 v0x563a9a678920_0;
    %load/vec4 v0x563a9a678860_0;
    %concat/vec4; draw_concat_vec4
    %load/vec4 v0x563a9a678f20_0;
    %concat/vec4; draw_concat_vec4
    %load/vec4 v0x563a9a678e60_0;
    %concat/vec4; draw_concat_vec4
    %load/vec4 v0x563a9a678da0_0;
    %concat/vec4; draw_concat_vec4
    %load/vec4 v0x563a9a678ce0_0;
    %concat/vec4; draw_concat_vec4
    %load/vec4 v0x563a9a678c20_0;
    %concat/vec4; draw_concat_vec4
    %load/vec4 v0x563a9a678b60_0;
    %concat/vec4; draw_concat_vec4
    %load/vec4 v0x563a9a678aa0_0;
    %concat/vec4; draw_concat_vec4
    %load/vec4 v0x563a9a6789e0_0;
    %concat/vec4; draw_concat_vec4
    %load/vec4 v0x563a9a6787a0_0;
    %concat/vec4; draw_concat_vec4
    %load/vec4 v0x563a9a6786e0_0;
    %concat/vec4; draw_concat_vec4
    %store/vec4 v0x563a9a678600_0, 0, 12;
    %load/vec4 v0x563a9a679b10_0;
    %load/vec4 v0x563a9a679a50_0;
    %concat/vec4; draw_concat_vec4
    %load/vec4 v0x563a9a679990_0;
    %concat/vec4; draw_concat_vec4
    %load/vec4 v0x563a9a6798d0_0;
    %concat/vec4; draw_concat_vec4
    %load/vec4 v0x563a9a679810_0;
    %concat/vec4; draw_concat_vec4
    %load/vec4 v0x563a9a679750_0;
    %concat/vec4; draw_concat_vec4
    %load/vec4 v0x563a9a679690_0;
    %concat/vec4; draw_concat_vec4
    %load/vec4 v0x563a9a6795d0_0;
    %concat/vec4; draw_concat_vec4
    %store/vec4 v0x563a9a6794f0_0, 0, 8;
    %end;
S_0x563a9a6765a0 .scope function, "valid_address" "valid_address" 4 339, 4 339 0, S_0x563a9a594260;
 .timescale -9 -12;
v0x563a9a676770_0 .var "a", 11 0;
v0x563a9a676870_0 .var "valid_address", 0 0;
TD_testbed.u_core.mem.valid_address ;
    %load/vec4 v0x563a9a676770_0;
    %xor/r;
    %pushi/vec4 1, 1, 1;
    %cmp/e;
    %flag_get/vec4 6;
    %inv;
    %store/vec4 v0x563a9a676870_0, 0, 1;
    %end;
S_0x563a9a676930 .scope task, "write_mem" "write_mem" 4 284, 4 284 0, S_0x563a9a594260;
 .timescale -9 -12;
v0x563a9a676b00_0 .var "a", 11 0;
v0x563a9a676c00_0 .var "d", 7 0;
TD_testbed.u_core.mem.write_mem ;
    %load/vec4 v0x563a9a676b00_0;
    %store/vec4 v0x563a9a676770_0, 0, 12;
    %fork TD_testbed.u_core.mem.valid_address, S_0x563a9a6765a0;
    %join;
    %load/vec4  v0x563a9a676870_0;
    %dup/vec4;
    %pushi/vec4 0, 0, 1;
    %cmp/z;
    %jmp/1 T_8.18, 4;
    %dup/vec4;
    %pushi/vec4 1, 0, 1;
    %cmp/z;
    %jmp/1 T_8.19, 4;
    %jmp T_8.20;
T_8.18 ;
    %fork TD_testbed.u_core.mem.x_mem, S_0x563a9a677230;
    %join;
    %jmp T_8.20;
T_8.19 ;
    %load/vec4 v0x563a9a676c00_0;
    %load/vec4 v0x563a9a676b00_0;
    %pad/u 14;
    %ix/vec4 4;
    %store/vec4a v0x563a9a67da80, 4, 0;
    %jmp T_8.20;
T_8.20 ;
    %pop/vec4 1;
    %end;
S_0x563a9a676ce0 .scope task, "write_mem_x" "write_mem_x" 4 297, 4 297 0, S_0x563a9a594260;
 .timescale -9 -12;
v0x563a9a676e60_0 .var "a", 11 0;
TD_testbed.u_core.mem.write_mem_x ;
    %load/vec4 v0x563a9a676e60_0;
    %store/vec4 v0x563a9a676770_0, 0, 12;
    %fork TD_testbed.u_core.mem.valid_address, S_0x563a9a6765a0;
    %join;
    %load/vec4  v0x563a9a676870_0;
    %dup/vec4;
    %pushi/vec4 0, 0, 1;
    %cmp/z;
    %jmp/1 T_9.21, 4;
    %dup/vec4;
    %pushi/vec4 1, 0, 1;
    %cmp/z;
    %jmp/1 T_9.22, 4;
    %jmp T_9.23;
T_9.21 ;
    %fork TD_testbed.u_core.mem.x_mem, S_0x563a9a677230;
    %join;
    %jmp T_9.23;
T_9.22 ;
    %pushi/vec4 255, 255, 8;
    %load/vec4 v0x563a9a676e60_0;
    %pad/u 14;
    %ix/vec4 4;
    %store/vec4a v0x563a9a67da80, 4, 0;
    %jmp T_9.23;
T_9.23 ;
    %pop/vec4 1;
    %end;
S_0x563a9a676f60 .scope task, "x_inputs" "x_inputs" 4 237, 4 237 0, S_0x563a9a594260;
 .timescale -9 -12;
v0x563a9a677130_0 .var/i "n", 31 0;
TD_testbed.u_core.mem.x_inputs ;
    %pushi/vec4 0, 0, 32;
    %store/vec4 v0x563a9a677130_0, 0, 32;
T_10.24 ;
    %load/vec4 v0x563a9a677130_0;
    %cmpi/s 12, 0, 32;
    %jmp/0xz T_10.25, 5;
    %load/vec4 v0x563a9a678600_0;
    %load/vec4 v0x563a9a677130_0;
    %part/s 1;
    %load/vec4 v0x563a9a677bd0_0;
    %load/vec4 v0x563a9a677130_0;
    %part/s 1;
    %cmp/ne;
    %flag_mov 8, 6;
    %jmp/0 T_10.26, 8;
    %pushi/vec4 1, 1, 1;
    %jmp/1 T_10.27, 8;
T_10.26 ; End of true expr.
    %load/vec4 v0x563a9a6782c0_0;
    %load/vec4 v0x563a9a677130_0;
    %part/s 1;
    %jmp/0 T_10.27, 8;
 ; End of false expr.
    %blend;
T_10.27;
    %ix/getv/s 4, v0x563a9a677130_0;
    %store/vec4 v0x563a9a6782c0_0, 4, 1;
    %load/vec4 v0x563a9a677130_0;
    %addi 1, 0, 32;
    %store/vec4 v0x563a9a677130_0, 0, 32;
    %jmp T_10.24;
T_10.25 ;
    %pushi/vec4 0, 0, 32;
    %store/vec4 v0x563a9a677130_0, 0, 32;
T_10.28 ;
    %load/vec4 v0x563a9a677130_0;
    %cmpi/s 8, 0, 32;
    %jmp/0xz T_10.29, 5;
    %load/vec4 v0x563a9a6794f0_0;
    %load/vec4 v0x563a9a677130_0;
    %part/s 1;
    %load/vec4 v0x563a9a678040_0;
    %load/vec4 v0x563a9a677130_0;
    %part/s 1;
    %cmp/ne;
    %flag_mov 8, 6;
    %jmp/0 T_10.30, 8;
    %pushi/vec4 1, 1, 1;
    %jmp/1 T_10.31, 8;
T_10.30 ; End of true expr.
    %load/vec4 v0x563a9a678460_0;
    %load/vec4 v0x563a9a677130_0;
    %part/s 1;
    %jmp/0 T_10.31, 8;
 ; End of false expr.
    %blend;
T_10.31;
    %ix/getv/s 4, v0x563a9a677130_0;
    %store/vec4 v0x563a9a678460_0, 4, 1;
    %load/vec4 v0x563a9a677130_0;
    %addi 1, 0, 32;
    %store/vec4 v0x563a9a677130_0, 0, 32;
    %jmp T_10.28;
T_10.29 ;
    %load/vec4 v0x563a9a679bd0_0;
    %load/vec4 v0x563a9a678120_0;
    %cmp/ne;
    %flag_mov 8, 6;
    %jmp/0 T_10.32, 8;
    %pushi/vec4 1, 1, 1;
    %jmp/1 T_10.33, 8;
T_10.32 ; End of true expr.
    %load/vec4 v0x563a9a678540_0;
    %jmp/0 T_10.33, 8;
 ; End of false expr.
    %blend;
T_10.33;
    %store/vec4 v0x563a9a678540_0, 0, 1;
    %load/vec4 v0x563a9a6791f0_0;
    %load/vec4 v0x563a9a677d40_0;
    %cmp/ne;
    %flag_mov 8, 6;
    %jmp/0 T_10.34, 8;
    %pushi/vec4 1, 1, 1;
    %jmp/1 T_10.35, 8;
T_10.34 ; End of true expr.
    %load/vec4 v0x563a9a6783a0_0;
    %jmp/0 T_10.35, 8;
 ; End of false expr.
    %blend;
T_10.35;
    %store/vec4 v0x563a9a6783a0_0, 0, 1;
    %end;
S_0x563a9a677230 .scope task, "x_mem" "x_mem" 4 308, 4 308 0, S_0x563a9a594260;
 .timescale -9 -12;
v0x563a9a677400_0 .var/i "n", 31 0;
TD_testbed.u_core.mem.x_mem ;
    %pushi/vec4 0, 0, 32;
    %store/vec4 v0x563a9a677400_0, 0, 32;
T_11.36 ;
    %load/vec4 v0x563a9a677400_0;
    %cmpi/s 4096, 0, 32;
    %jmp/0xz T_11.37, 5;
    %pushi/vec4 255, 255, 8;
    %ix/getv/s 4, v0x563a9a677400_0;
    %store/vec4a v0x563a9a67da80, 4, 0;
    %load/vec4 v0x563a9a677400_0;
    %addi 1, 0, 32;
    %store/vec4 v0x563a9a677400_0, 0, 32;
    %jmp T_11.36;
T_11.37 ;
    %end;
    .scope S_0x563a9a594260;
T_12 ;
    %wait E_0x563a9a63b6a0;
    %fork TD_testbed.u_core.mem.process_violations, S_0x563a9a6586e0;
    %join;
    %jmp T_12;
    .thread T_12, $push;
    .scope S_0x563a9a594260;
T_13 ;
    %wait E_0x563a9a637500;
    %load/vec4 v0x563a9a677b10_0;
    %load/vec4 v0x563a9a67a170_0;
    %concat/vec4; draw_concat_vec4
    %dup/vec4;
    %pushi/vec4 1, 0, 2;
    %cmp/z;
    %jmp/1 T_13.0, 4;
    %dup/vec4;
    %pushi/vec4 2, 0, 2;
    %cmp/z;
    %jmp/1 T_13.1, 4;
    %dup/vec4;
    %pushi/vec4 2, 3, 2;
    %cmp/z;
    %jmp/1 T_13.2, 4;
    %dup/vec4;
    %pushi/vec4 0, 0, 2;
    %cmp/z;
    %jmp/1 T_13.3, 4;
    %dup/vec4;
    %pushi/vec4 3, 0, 2;
    %cmp/z;
    %jmp/1 T_13.4, 4;
    %dup/vec4;
    %pushi/vec4 1, 3, 2;
    %cmp/z;
    %jmp/1 T_13.5, 4;
    %jmp T_13.6;
T_13.0 ;
    %fork TD_testbed.u_core.mem.latch_inputs, S_0x563a9a6583e0;
    %join;
    %fork TD_testbed.u_core.mem.update_logic, S_0x563a9a676200;
    %join;
    %fork TD_testbed.u_core.mem.mem_cycle, S_0x563a9a658560;
    %join;
    %jmp T_13.6;
T_13.1 ;
    %jmp T_13.6;
T_13.2 ;
    %jmp T_13.6;
T_13.3 ;
    %jmp T_13.6;
T_13.4 ;
    %jmp T_13.6;
T_13.5 ;
    %fork TD_testbed.u_core.mem.x_mem, S_0x563a9a677230;
    %join;
    %pushi/vec4 0, 0, 1;
    %store/vec4 v0x563a9a654b90_0, 0, 1;
    %pushi/vec4 1, 0, 1;
    %store/vec4 v0x563a9a654d30_0, 0, 1;
    %fork TD_testbed.u_core.mem.read_mem, S_0x563a9a658860;
    %join;
    %jmp T_13.6;
T_13.6 ;
    %pop/vec4 1;
    %load/vec4 v0x563a9a67a170_0;
    %store/vec4 v0x563a9a677b10_0, 0, 1;
    %jmp T_13;
    .thread T_13, $push;
    .scope S_0x563a9a5d4310;
T_14 ;
    %wait E_0x563a9a5ff860;
    %load/vec4 v0x563a9a6800a0_0;
    %store/vec4 v0x563a9a680180_0, 0, 4;
    %load/vec4 v0x563a9a6800a0_0;
    %dup/vec4;
    %pushi/vec4 15, 0, 4;
    %cmp/u;
    %jmp/1 T_14.0, 6;
    %dup/vec4;
    %pushi/vec4 0, 0, 4;
    %cmp/u;
    %jmp/1 T_14.1, 6;
    %dup/vec4;
    %pushi/vec4 4, 0, 4;
    %cmp/u;
    %jmp/1 T_14.2, 6;
    %dup/vec4;
    %pushi/vec4 3, 0, 4;
    %cmp/u;
    %jmp/1 T_14.3, 6;
    %dup/vec4;
    %pushi/vec4 2, 0, 4;
    %cmp/u;
    %jmp/1 T_14.4, 6;
    %dup/vec4;
    %pushi/vec4 1, 0, 4;
    %cmp/u;
    %jmp/1 T_14.5, 6;
    %dup/vec4;
    %pushi/vec4 5, 0, 4;
    %cmp/u;
    %jmp/1 T_14.6, 6;
    %dup/vec4;
    %pushi/vec4 6, 0, 4;
    %cmp/u;
    %jmp/1 T_14.7, 6;
    %dup/vec4;
    %pushi/vec4 7, 0, 4;
    %cmp/u;
    %jmp/1 T_14.8, 6;
    %dup/vec4;
    %pushi/vec4 10, 0, 4;
    %cmp/u;
    %jmp/1 T_14.9, 6;
    %jmp T_14.11;
T_14.0 ;
    %load/vec4 v0x563a9a67f2b0_0;
    %flag_set/vec4 8;
    %jmp/0 T_14.12, 8;
    %load/vec4 v0x563a9a67f1d0_0;
    %jmp/1 T_14.13, 8;
T_14.12 ; End of true expr.
    %load/vec4 v0x563a9a680180_0;
    %jmp/0 T_14.13, 8;
 ; End of false expr.
    %blend;
T_14.13;
    %store/vec4 v0x563a9a680180_0, 0, 4;
    %jmp T_14.11;
T_14.1 ;
    %load/vec4 v0x563a9a67f430_0;
    %pad/u 32;
    %cmpi/e 2047, 0, 32;
    %flag_mov 8, 4;
    %jmp/0 T_14.14, 8;
    %pushi/vec4 15, 0, 4;
    %jmp/1 T_14.15, 8;
T_14.14 ; End of true expr.
    %pushi/vec4 0, 0, 4;
    %jmp/0 T_14.15, 8;
 ; End of false expr.
    %blend;
T_14.15;
    %store/vec4 v0x563a9a680180_0, 0, 4;
    %jmp T_14.11;
T_14.2 ;
    %pushi/vec4 15, 0, 4;
    %store/vec4 v0x563a9a680180_0, 0, 4;
    %jmp T_14.11;
T_14.3 ;
    %pushi/vec4 15, 0, 4;
    %store/vec4 v0x563a9a680180_0, 0, 4;
    %jmp T_14.11;
T_14.4 ;
    %pushi/vec4 15, 0, 4;
    %store/vec4 v0x563a9a680180_0, 0, 4;
    %jmp T_14.11;
T_14.5 ;
    %pushi/vec4 15, 0, 4;
    %store/vec4 v0x563a9a680180_0, 0, 4;
    %jmp T_14.11;
T_14.6 ;
    %pushi/vec4 15, 0, 4;
    %store/vec4 v0x563a9a680180_0, 0, 4;
    %jmp T_14.11;
T_14.7 ;
    %pushi/vec4 15, 0, 4;
    %store/vec4 v0x563a9a680180_0, 0, 4;
    %jmp T_14.11;
T_14.8 ;
    %load/vec4 v0x563a9a67e5e0_0;
    %load/vec4 v0x563a9a67e440_0;
    %pad/u 8;
    %ix/load 4, 5, 0;
    %flag_set/imm 4, 0;
    %shiftl 4;
    %cmp/e;
    %jmp/0xz  T_14.16, 4;
    %pushi/vec4 15, 0, 4;
    %store/vec4 v0x563a9a680180_0, 0, 4;
T_14.16 ;
    %jmp T_14.11;
T_14.9 ;
    %load/vec4 v0x563a9a67ea50_0;
    %pad/u 32;
    %cmpi/e 64, 0, 32;
    %jmp/0xz  T_14.18, 4;
    %pushi/vec4 15, 0, 4;
    %store/vec4 v0x563a9a680180_0, 0, 4;
T_14.18 ;
    %jmp T_14.11;
T_14.11 ;
    %pop/vec4 1;
    %jmp T_14;
    .thread T_14, $push;
    .scope S_0x563a9a5d4310;
T_15 ;
    %wait E_0x563a9a5ff710;
    %load/vec4 v0x563a9a67f910_0;
    %store/vec4 v0x563a9a67f9f0_0, 0, 3;
    %load/vec4 v0x563a9a67fad0_0;
    %store/vec4 v0x563a9a67fbb0_0, 0, 3;
    %load/vec4 v0x563a9a67f430_0;
    %store/vec4 v0x563a9a67f510_0, 0, 12;
    %load/vec4 v0x563a9a67e440_0;
    %store/vec4 v0x563a9a67e500_0, 0, 6;
    %load/vec4 v0x563a9a67e5e0_0;
    %store/vec4 v0x563a9a67e6c0_0, 0, 8;
    %pushi/vec4 0, 0, 12;
    %store/vec4 v0x563a9a67e380_0, 0, 12;
    %load/vec4 v0x563a9a67fee0_0;
    %store/vec4 v0x563a9a67ffc0_0, 0, 14;
    %pushi/vec4 0, 0, 1;
    %store/vec4 v0x563a9a67fe20_0, 0, 1;
    %load/vec4 v0x563a9a67ea50_0;
    %store/vec4 v0x563a9a67eb30_0, 0, 7;
    %load/vec4 v0x563a9a67ec10_0;
    %store/vec4 v0x563a9a67ecf0_0, 0, 3;
    %pushi/vec4 0, 0, 32;
    %store/vec4 v0x563a9a67eeb0_0, 0, 32;
T_15.0 ;
    %load/vec4 v0x563a9a67eeb0_0;
    %cmpi/s 4, 0, 32;
    %jmp/0xz T_15.1, 5;
    %ix/getv/s 4, v0x563a9a67eeb0_0;
    %load/vec4a v0x563a9a67e7a0, 4;
    %ix/getv/s 4, v0x563a9a67eeb0_0;
    %store/vec4a v0x563a9a67e8e0, 4, 0;
    %load/vec4 v0x563a9a67eeb0_0;
    %addi 1, 0, 32;
    %store/vec4 v0x563a9a67eeb0_0, 0, 32;
    %jmp T_15.0;
T_15.1 ;
    %load/vec4 v0x563a9a6800a0_0;
    %dup/vec4;
    %pushi/vec4 15, 0, 4;
    %cmp/u;
    %jmp/1 T_15.2, 6;
    %dup/vec4;
    %pushi/vec4 0, 0, 4;
    %cmp/u;
    %jmp/1 T_15.3, 6;
    %dup/vec4;
    %pushi/vec4 1, 0, 4;
    %cmp/u;
    %jmp/1 T_15.4, 6;
    %dup/vec4;
    %pushi/vec4 2, 0, 4;
    %cmp/u;
    %jmp/1 T_15.5, 6;
    %dup/vec4;
    %pushi/vec4 4, 0, 4;
    %cmp/u;
    %jmp/1 T_15.6, 6;
    %dup/vec4;
    %pushi/vec4 3, 0, 4;
    %cmp/u;
    %jmp/1 T_15.7, 6;
    %dup/vec4;
    %pushi/vec4 5, 0, 4;
    %cmp/u;
    %jmp/1 T_15.8, 6;
    %dup/vec4;
    %pushi/vec4 6, 0, 4;
    %cmp/u;
    %jmp/1 T_15.9, 6;
    %dup/vec4;
    %pushi/vec4 7, 0, 4;
    %cmp/u;
    %jmp/1 T_15.10, 6;
    %dup/vec4;
    %pushi/vec4 10, 0, 4;
    %cmp/u;
    %jmp/1 T_15.11, 6;
    %jmp T_15.13;
T_15.2 ;
    %pushi/vec4 0, 0, 8;
    %store/vec4 v0x563a9a67e6c0_0, 0, 8;
    %pushi/vec4 0, 0, 32;
    %store/vec4 v0x563a9a67eeb0_0, 0, 32;
T_15.14 ;
    %load/vec4 v0x563a9a67eeb0_0;
    %cmpi/s 4, 0, 32;
    %jmp/0xz T_15.15, 5;
    %pushi/vec4 0, 0, 14;
    %ix/getv/s 4, v0x563a9a67eeb0_0;
    %store/vec4a v0x563a9a67e8e0, 4, 0;
    %load/vec4 v0x563a9a67eeb0_0;
    %addi 1, 0, 32;
    %store/vec4 v0x563a9a67eeb0_0, 0, 32;
    %jmp T_15.14;
T_15.15 ;
    %pushi/vec4 0, 0, 7;
    %store/vec4 v0x563a9a67eb30_0, 0, 7;
    %pushi/vec4 0, 0, 3;
    %store/vec4 v0x563a9a67ecf0_0, 0, 3;
    %jmp T_15.13;
T_15.3 ;
    %load/vec4 v0x563a9a67f430_0;
    %addi 1, 0, 12;
    %store/vec4 v0x563a9a67f510_0, 0, 12;
    %load/vec4 v0x563a9a67f430_0;
    %store/vec4 v0x563a9a67e380_0, 0, 12;
    %jmp T_15.13;
T_15.4 ;
    %load/vec4 v0x563a9a67f910_0;
    %pad/u 32;
    %cmpi/u 7, 0, 32;
    %jmp/0xz  T_15.16, 5;
    %load/vec4 v0x563a9a67f910_0;
    %addi 1, 0, 3;
    %store/vec4 v0x563a9a67f9f0_0, 0, 3;
T_15.16 ;
    %jmp T_15.13;
T_15.5 ;
    %pushi/vec4 0, 0, 32;
    %load/vec4 v0x563a9a67f910_0;
    %pad/u 32;
    %cmp/u;
    %jmp/0xz  T_15.18, 5;
    %load/vec4 v0x563a9a67f910_0;
    %subi 1, 0, 3;
    %store/vec4 v0x563a9a67f9f0_0, 0, 3;
T_15.18 ;
    %jmp T_15.13;
T_15.6 ;
    %load/vec4 v0x563a9a67fad0_0;
    %pad/u 32;
    %cmpi/u 7, 0, 32;
    %jmp/0xz  T_15.20, 5;
    %load/vec4 v0x563a9a67fad0_0;
    %addi 1, 0, 3;
    %store/vec4 v0x563a9a67fbb0_0, 0, 3;
T_15.20 ;
    %jmp T_15.13;
T_15.7 ;
    %pushi/vec4 0, 0, 32;
    %load/vec4 v0x563a9a67fad0_0;
    %pad/u 32;
    %cmp/u;
    %jmp/0xz  T_15.22, 5;
    %load/vec4 v0x563a9a67fad0_0;
    %subi 1, 0, 3;
    %store/vec4 v0x563a9a67fbb0_0, 0, 3;
T_15.22 ;
    %jmp T_15.13;
T_15.8 ;
    %load/vec4 v0x563a9a67e440_0;
    %dup/vec4;
    %pushi/vec4 1, 0, 6;
    %cmp/u;
    %jmp/1 T_15.24, 6;
    %dup/vec4;
    %pushi/vec4 2, 0, 6;
    %cmp/u;
    %jmp/1 T_15.25, 6;
    %dup/vec4;
    %pushi/vec4 4, 0, 6;
    %cmp/u;
    %jmp/1 T_15.26, 6;
    %jmp T_15.28;
T_15.24 ;
    %pushi/vec4 1, 0, 6;
    %store/vec4 v0x563a9a67e500_0, 0, 6;
    %jmp T_15.28;
T_15.25 ;
    %pushi/vec4 1, 0, 6;
    %store/vec4 v0x563a9a67e500_0, 0, 6;
    %jmp T_15.28;
T_15.26 ;
    %pushi/vec4 2, 0, 6;
    %store/vec4 v0x563a9a67e500_0, 0, 6;
    %jmp T_15.28;
T_15.28 ;
    %pop/vec4 1;
    %jmp T_15.13;
T_15.9 ;
    %load/vec4 v0x563a9a67e440_0;
    %dup/vec4;
    %pushi/vec4 1, 0, 6;
    %cmp/u;
    %jmp/1 T_15.29, 6;
    %dup/vec4;
    %pushi/vec4 2, 0, 6;
    %cmp/u;
    %jmp/1 T_15.30, 6;
    %dup/vec4;
    %pushi/vec4 4, 0, 6;
    %cmp/u;
    %jmp/1 T_15.31, 6;
    %jmp T_15.33;
T_15.29 ;
    %pushi/vec4 2, 0, 6;
    %store/vec4 v0x563a9a67e500_0, 0, 6;
    %jmp T_15.33;
T_15.30 ;
    %pushi/vec4 4, 0, 6;
    %store/vec4 v0x563a9a67e500_0, 0, 6;
    %jmp T_15.33;
T_15.31 ;
    %pushi/vec4 4, 0, 6;
    %store/vec4 v0x563a9a67e500_0, 0, 6;
    %jmp T_15.33;
T_15.33 ;
    %pop/vec4 1;
    %jmp T_15.13;
T_15.10 ;
    %load/vec4 v0x563a9a67e5e0_0;
    %addi 1, 0, 8;
    %store/vec4 v0x563a9a67e6c0_0, 0, 8;
    %pushi/vec4 0, 0, 6;
    %load/vec4 v0x563a9a67fc90_0;
    %concat/vec4; draw_concat_vec4
    %store/vec4 v0x563a9a67ffc0_0, 0, 14;
    %load/vec4 v0x563a9a67e5e0_0;
    %load/vec4 v0x563a9a67e440_0;
    %pad/u 8;
    %ix/load 4, 5, 0;
    %flag_set/imm 4, 0;
    %shiftl 4;
    %cmp/e;
    %flag_mov 8, 4;
    %jmp/0 T_15.34, 8;
    %pushi/vec4 0, 0, 2;
    %jmp/1 T_15.35, 8;
T_15.34 ; End of true expr.
    %pushi/vec4 1, 0, 2;
    %jmp/0 T_15.35, 8;
 ; End of false expr.
    %blend;
T_15.35;
    %pad/s 1;
    %store/vec4 v0x563a9a67fe20_0, 0, 1;
    %load/vec4 v0x563a9a67e5e0_0;
    %parti/s 2, 0, 2;
    %dup/vec4;
    %pushi/vec4 0, 0, 2;
    %cmp/u;
    %jmp/1 T_15.36, 6;
    %dup/vec4;
    %pushi/vec4 1, 0, 2;
    %cmp/u;
    %jmp/1 T_15.37, 6;
    %dup/vec4;
    %pushi/vec4 2, 0, 2;
    %cmp/u;
    %jmp/1 T_15.38, 6;
    %dup/vec4;
    %pushi/vec4 3, 0, 2;
    %cmp/u;
    %jmp/1 T_15.39, 6;
    %jmp T_15.41;
T_15.36 ;
    %load/vec4 v0x563a9a67f910_0;
    %pad/u 12;
    %load/vec4 v0x563a9a67fad0_0;
    %pad/u 12;
    %ix/load 4, 3, 0;
    %flag_set/imm 4, 0;
    %shiftl 4;
    %add;
    %load/vec4 v0x563a9a67e5e0_0;
    %parti/s 6, 2, 3;
    %pad/u 12;
    %ix/load 4, 6, 0;
    %flag_set/imm 4, 0;
    %shiftl 4;
    %add;
    %addi 0, 0, 12;
    %store/vec4 v0x563a9a67e380_0, 0, 12;
    %jmp T_15.41;
T_15.37 ;
    %load/vec4 v0x563a9a67f910_0;
    %pad/u 12;
    %load/vec4 v0x563a9a67fad0_0;
    %pad/u 12;
    %ix/load 4, 3, 0;
    %flag_set/imm 4, 0;
    %shiftl 4;
    %add;
    %load/vec4 v0x563a9a67e5e0_0;
    %parti/s 6, 2, 3;
    %pad/u 12;
    %ix/load 4, 6, 0;
    %flag_set/imm 4, 0;
    %shiftl 4;
    %add;
    %addi 1, 0, 12;
    %store/vec4 v0x563a9a67e380_0, 0, 12;
    %jmp T_15.41;
T_15.38 ;
    %load/vec4 v0x563a9a67f910_0;
    %pad/u 12;
    %load/vec4 v0x563a9a67fad0_0;
    %pad/u 12;
    %ix/load 4, 3, 0;
    %flag_set/imm 4, 0;
    %shiftl 4;
    %add;
    %load/vec4 v0x563a9a67e5e0_0;
    %parti/s 6, 2, 3;
    %pad/u 12;
    %ix/load 4, 6, 0;
    %flag_set/imm 4, 0;
    %shiftl 4;
    %add;
    %addi 8, 0, 12;
    %store/vec4 v0x563a9a67e380_0, 0, 12;
    %jmp T_15.41;
T_15.39 ;
    %load/vec4 v0x563a9a67f910_0;
    %pad/u 12;
    %load/vec4 v0x563a9a67fad0_0;
    %pad/u 12;
    %ix/load 4, 3, 0;
    %flag_set/imm 4, 0;
    %shiftl 4;
    %add;
    %load/vec4 v0x563a9a67e5e0_0;
    %parti/s 6, 2, 3;
    %pad/u 12;
    %ix/load 4, 6, 0;
    %flag_set/imm 4, 0;
    %shiftl 4;
    %add;
    %addi 9, 0, 12;
    %store/vec4 v0x563a9a67e380_0, 0, 12;
    %jmp T_15.41;
T_15.41 ;
    %pop/vec4 1;
    %jmp T_15.13;
T_15.11 ;
    %load/vec4 v0x563a9a67ea50_0;
    %parti/s 4, 0, 2;
    %dup/vec4;
    %pushi/vec4 0, 0, 4;
    %cmp/u;
    %jmp/1 T_15.42, 6;
    %dup/vec4;
    %pushi/vec4 1, 0, 4;
    %cmp/u;
    %jmp/1 T_15.43, 6;
    %dup/vec4;
    %pushi/vec4 2, 0, 4;
    %cmp/u;
    %jmp/1 T_15.44, 6;
    %dup/vec4;
    %pushi/vec4 3, 0, 4;
    %cmp/u;
    %jmp/1 T_15.45, 6;
    %dup/vec4;
    %pushi/vec4 4, 0, 4;
    %cmp/u;
    %jmp/1 T_15.46, 6;
    %dup/vec4;
    %pushi/vec4 5, 0, 4;
    %cmp/u;
    %jmp/1 T_15.47, 6;
    %dup/vec4;
    %pushi/vec4 6, 0, 4;
    %cmp/u;
    %jmp/1 T_15.48, 6;
    %dup/vec4;
    %pushi/vec4 7, 0, 4;
    %cmp/u;
    %jmp/1 T_15.49, 6;
    %dup/vec4;
    %pushi/vec4 8, 0, 4;
    %cmp/u;
    %jmp/1 T_15.50, 6;
    %dup/vec4;
    %pushi/vec4 9, 0, 4;
    %cmp/u;
    %jmp/1 T_15.51, 6;
    %dup/vec4;
    %pushi/vec4 10, 0, 4;
    %cmp/u;
    %jmp/1 T_15.52, 6;
    %dup/vec4;
    %pushi/vec4 11, 0, 4;
    %cmp/u;
    %jmp/1 T_15.53, 6;
    %dup/vec4;
    %pushi/vec4 12, 0, 4;
    %cmp/u;
    %jmp/1 T_15.54, 6;
    %dup/vec4;
    %pushi/vec4 13, 0, 4;
    %cmp/u;
    %jmp/1 T_15.55, 6;
    %dup/vec4;
    %pushi/vec4 14, 0, 4;
    %cmp/u;
    %jmp/1 T_15.56, 6;
    %dup/vec4;
    %pushi/vec4 15, 0, 4;
    %cmp/u;
    %jmp/1 T_15.57, 6;
    %jmp T_15.58;
T_15.42 ;
    %load/vec4 v0x563a9a67ea50_0;
    %parti/s 2, 4, 4;
    %pad/u 12;
    %ix/load 4, 6, 0;
    %flag_set/imm 4, 0;
    %shiftl 4;
    %load/vec4 v0x563a9a67f910_0;
    %pad/u 12;
    %add;
    %load/vec4 v0x563a9a67fad0_0;
    %pad/u 12;
    %ix/load 4, 3, 0;
    %flag_set/imm 4, 0;
    %shiftl 4;
    %add;
    %store/vec4 v0x563a9a67e380_0, 0, 12;
    %load/vec4 v0x563a9a67ea50_0;
    %addi 1, 0, 7;
    %store/vec4 v0x563a9a67eb30_0, 0, 7;
    %jmp T_15.58;
T_15.43 ;
    %load/vec4 v0x563a9a67ea50_0;
    %parti/s 2, 4, 4;
    %pad/u 12;
    %ix/load 4, 6, 0;
    %flag_set/imm 4, 0;
    %shiftl 4;
    %addi 1, 0, 12;
    %load/vec4 v0x563a9a67f910_0;
    %pad/u 12;
    %add;
    %load/vec4 v0x563a9a67fad0_0;
    %pad/u 12;
    %ix/load 4, 3, 0;
    %flag_set/imm 4, 0;
    %shiftl 4;
    %add;
    %store/vec4 v0x563a9a67e380_0, 0, 12;
    %load/vec4 v0x563a9a67fc90_0;
    %pad/u 14;
    %ix/load 4, 0, 0;
    %flag_set/imm 4, 0;
    %store/vec4a v0x563a9a67e8e0, 4, 0;
    %load/vec4 v0x563a9a67ea50_0;
    %addi 1, 0, 7;
    %store/vec4 v0x563a9a67eb30_0, 0, 7;
    %jmp T_15.58;
T_15.44 ;
    %load/vec4 v0x563a9a67ea50_0;
    %parti/s 2, 4, 4;
    %pad/u 12;
    %ix/load 4, 6, 0;
    %flag_set/imm 4, 0;
    %shiftl 4;
    %addi 8, 0, 12;
    %load/vec4 v0x563a9a67f910_0;
    %pad/u 12;
    %add;
    %load/vec4 v0x563a9a67fad0_0;
    %pad/u 12;
    %ix/load 4, 3, 0;
    %flag_set/imm 4, 0;
    %shiftl 4;
    %add;
    %store/vec4 v0x563a9a67e380_0, 0, 12;
    %load/vec4 v0x563a9a67fc90_0;
    %pad/u 14;
    %ix/load 4, 1, 0;
    %flag_set/imm 4, 0;
    %store/vec4a v0x563a9a67e8e0, 4, 0;
    %load/vec4 v0x563a9a67ea50_0;
    %addi 1, 0, 7;
    %store/vec4 v0x563a9a67eb30_0, 0, 7;
    %jmp T_15.58;
T_15.45 ;
    %load/vec4 v0x563a9a67ea50_0;
    %parti/s 2, 4, 4;
    %pad/u 12;
    %ix/load 4, 6, 0;
    %flag_set/imm 4, 0;
    %shiftl 4;
    %addi 9, 0, 12;
    %load/vec4 v0x563a9a67f910_0;
    %pad/u 12;
    %add;
    %load/vec4 v0x563a9a67fad0_0;
    %pad/u 12;
    %ix/load 4, 3, 0;
    %flag_set/imm 4, 0;
    %shiftl 4;
    %add;
    %store/vec4 v0x563a9a67e380_0, 0, 12;
    %load/vec4 v0x563a9a67fc90_0;
    %pad/u 14;
    %ix/load 4, 2, 0;
    %flag_set/imm 4, 0;
    %store/vec4a v0x563a9a67e8e0, 4, 0;
    %load/vec4 v0x563a9a67ea50_0;
    %addi 1, 0, 7;
    %store/vec4 v0x563a9a67eb30_0, 0, 7;
    %jmp T_15.58;
T_15.46 ;
    %load/vec4 v0x563a9a67fc90_0;
    %pad/u 14;
    %ix/load 4, 3, 0;
    %flag_set/imm 4, 0;
    %store/vec4a v0x563a9a67e8e0, 4, 0;
    %load/vec4 v0x563a9a67ea50_0;
    %addi 1, 0, 7;
    %store/vec4 v0x563a9a67eb30_0, 0, 7;
    %jmp T_15.58;
T_15.47 ;
    %ix/load 4, 0, 0;
    %flag_set/imm 4, 0;
    %load/vec4a v0x563a9a67e7a0, 4;
    %ix/load 4, 1, 0;
    %flag_set/imm 4, 0;
    %load/vec4a v0x563a9a67e7a0, 4;
    %add;
    %ix/load 4, 2, 0;
    %flag_set/imm 4, 0;
    %load/vec4a v0x563a9a67e7a0, 4;
    %add;
    %ix/load 4, 3, 0;
    %flag_set/imm 4, 0;
    %load/vec4a v0x563a9a67e7a0, 4;
    %add;
    %store/vec4 v0x563a9a67edd0_0, 0, 14;
    %load/vec4 v0x563a9a67edd0_0;
    %ix/load 4, 1, 0;
    %flag_set/imm 4, 0;
    %shiftr/s 4;
    %load/vec4 v0x563a9a67edd0_0;
    %parti/s 1, 0, 2;
    %pad/u 14;
    %add;
    %store/vec4 v0x563a9a67ffc0_0, 0, 14;
    %pushi/vec4 1, 0, 1;
    %store/vec4 v0x563a9a67fe20_0, 0, 1;
    %load/vec4 v0x563a9a67ea50_0;
    %addi 1, 0, 7;
    %store/vec4 v0x563a9a67eb30_0, 0, 7;
    %jmp T_15.58;
T_15.48 ;
    %ix/load 4, 0, 0;
    %flag_set/imm 4, 0;
    %load/vec4a v0x563a9a67e7a0, 4;
    %ix/load 4, 1, 0;
    %flag_set/imm 4, 0;
    %load/vec4a v0x563a9a67e7a0, 4;
    %sub;
    %ix/load 4, 2, 0;
    %flag_set/imm 4, 0;
    %load/vec4a v0x563a9a67e8e0, 4;
    %add;
    %ix/load 4, 3, 0;
    %flag_set/imm 4, 0;
    %load/vec4a v0x563a9a67e8e0, 4;
    %sub;
    %store/vec4 v0x563a9a67edd0_0, 0, 14;
    %load/vec4 v0x563a9a67edd0_0;
    %ix/load 4, 1, 0;
    %flag_set/imm 4, 0;
    %shiftr/s 4;
    %load/vec4 v0x563a9a67edd0_0;
    %parti/s 1, 0, 2;
    %pad/u 14;
    %add;
    %store/vec4 v0x563a9a67ffc0_0, 0, 14;
    %pushi/vec4 1, 0, 1;
    %store/vec4 v0x563a9a67fe20_0, 0, 1;
    %load/vec4 v0x563a9a67ea50_0;
    %addi 1, 0, 7;
    %store/vec4 v0x563a9a67eb30_0, 0, 7;
    %jmp T_15.58;
T_15.49 ;
    %ix/load 4, 0, 0;
    %flag_set/imm 4, 0;
    %load/vec4a v0x563a9a67e7a0, 4;
    %ix/load 4, 1, 0;
    %flag_set/imm 4, 0;
    %load/vec4a v0x563a9a67e7a0, 4;
    %add;
    %ix/load 4, 2, 0;
    %flag_set/imm 4, 0;
    %load/vec4a v0x563a9a67e8e0, 4;
    %sub;
    %ix/load 4, 3, 0;
    %flag_set/imm 4, 0;
    %load/vec4a v0x563a9a67e8e0, 4;
    %sub;
    %store/vec4 v0x563a9a67edd0_0, 0, 14;
    %load/vec4 v0x563a9a67edd0_0;
    %ix/load 4, 1, 0;
    %flag_set/imm 4, 0;
    %shiftr/s 4;
    %load/vec4 v0x563a9a67edd0_0;
    %parti/s 1, 0, 2;
    %pad/u 14;
    %add;
    %store/vec4 v0x563a9a67ffc0_0, 0, 14;
    %pushi/vec4 1, 0, 1;
    %store/vec4 v0x563a9a67fe20_0, 0, 1;
    %load/vec4 v0x563a9a67ea50_0;
    %addi 1, 0, 7;
    %store/vec4 v0x563a9a67eb30_0, 0, 7;
    %jmp T_15.58;
T_15.50 ;
    %ix/load 4, 0, 0;
    %flag_set/imm 4, 0;
    %load/vec4a v0x563a9a67e7a0, 4;
    %ix/load 4, 1, 0;
    %flag_set/imm 4, 0;
    %load/vec4a v0x563a9a67e8e0, 4;
    %sub;
    %ix/load 4, 2, 0;
    %flag_set/imm 4, 0;
    %load/vec4a v0x563a9a67e8e0, 4;
    %sub;
    %ix/load 4, 3, 0;
    %flag_set/imm 4, 0;
    %load/vec4a v0x563a9a67e8e0, 4;
    %add;
    %store/vec4 v0x563a9a67edd0_0, 0, 14;
    %load/vec4 v0x563a9a67edd0_0;
    %ix/load 4, 1, 0;
    %flag_set/imm 4, 0;
    %shiftr/s 4;
    %load/vec4 v0x563a9a67edd0_0;
    %parti/s 1, 0, 2;
    %pad/u 14;
    %add;
    %store/vec4 v0x563a9a67ffc0_0, 0, 14;
    %pushi/vec4 1, 0, 1;
    %store/vec4 v0x563a9a67fe20_0, 0, 1;
    %load/vec4 v0x563a9a67ea50_0;
    %addi 1, 0, 7;
    %store/vec4 v0x563a9a67eb30_0, 0, 7;
    %jmp T_15.58;
T_15.51 ;
    %pushi/vec4 0, 0, 14;
    %store/vec4 v0x563a9a67ffc0_0, 0, 14;
    %pushi/vec4 0, 0, 1;
    %store/vec4 v0x563a9a67fe20_0, 0, 1;
    %load/vec4 v0x563a9a67ea50_0;
    %addi 7, 0, 7;
    %store/vec4 v0x563a9a67eb30_0, 0, 7;
    %jmp T_15.58;
T_15.52 ;
    %jmp T_15.58;
T_15.53 ;
    %jmp T_15.58;
T_15.54 ;
    %jmp T_15.58;
T_15.55 ;
    %jmp T_15.58;
T_15.56 ;
    %jmp T_15.58;
T_15.57 ;
    %jmp T_15.58;
T_15.58 ;
    %pop/vec4 1;
    %jmp T_15.13;
T_15.13 ;
    %pop/vec4 1;
    %jmp T_15;
    .thread T_15, $push;
    .scope S_0x563a9a5d4310;
T_16 ;
    %wait E_0x563a9a6011e0;
    %load/vec4 v0x563a9a67f370_0;
    %inv;
    %flag_set/vec4 8;
    %jmp/0xz  T_16.0, 8;
    %pushi/vec4 15, 0, 4;
    %assign/vec4 v0x563a9a6800a0_0, 0;
    %pushi/vec4 0, 0, 12;
    %assign/vec4 v0x563a9a67f430_0, 0;
    %pushi/vec4 0, 0, 3;
    %assign/vec4 v0x563a9a67f910_0, 0;
    %pushi/vec4 0, 0, 3;
    %assign/vec4 v0x563a9a67fad0_0, 0;
    %pushi/vec4 4, 0, 6;
    %assign/vec4 v0x563a9a67e440_0, 0;
    %pushi/vec4 0, 0, 8;
    %assign/vec4 v0x563a9a67e5e0_0, 0;
    %pushi/vec4 0, 0, 14;
    %assign/vec4 v0x563a9a67fee0_0, 0;
    %pushi/vec4 0, 0, 1;
    %assign/vec4 v0x563a9a67fd80_0, 0;
    %pushi/vec4 0, 0, 7;
    %assign/vec4 v0x563a9a67ea50_0, 0;
    %pushi/vec4 0, 0, 3;
    %assign/vec4 v0x563a9a67ec10_0, 0;
    %pushi/vec4 0, 0, 32;
    %store/vec4 v0x563a9a67eeb0_0, 0, 32;
T_16.2 ;
    %load/vec4 v0x563a9a67eeb0_0;
    %cmpi/s 4, 0, 32;
    %jmp/0xz T_16.3, 5;
    %ix/getv/s 4, v0x563a9a67eeb0_0;
    %load/vec4a v0x563a9a67e8e0, 4;
    %ix/getv/s 4, v0x563a9a67eeb0_0;
    %store/vec4a v0x563a9a67e7a0, 4, 0;
    %load/vec4 v0x563a9a67eeb0_0;
    %addi 1, 0, 32;
    %store/vec4 v0x563a9a67eeb0_0, 0, 32;
    %jmp T_16.2;
T_16.3 ;
    %jmp T_16.1;
T_16.0 ;
    %load/vec4 v0x563a9a680180_0;
    %assign/vec4 v0x563a9a6800a0_0, 0;
    %load/vec4 v0x563a9a67f510_0;
    %assign/vec4 v0x563a9a67f430_0, 0;
    %load/vec4 v0x563a9a67f9f0_0;
    %assign/vec4 v0x563a9a67f910_0, 0;
    %load/vec4 v0x563a9a67fbb0_0;
    %assign/vec4 v0x563a9a67fad0_0, 0;
    %load/vec4 v0x563a9a67e500_0;
    %assign/vec4 v0x563a9a67e440_0, 0;
    %load/vec4 v0x563a9a67ffc0_0;
    %assign/vec4 v0x563a9a67fee0_0, 0;
    %load/vec4 v0x563a9a67e6c0_0;
    %assign/vec4 v0x563a9a67e5e0_0, 0;
    %load/vec4 v0x563a9a67fe20_0;
    %assign/vec4 v0x563a9a67fd80_0, 0;
    %load/vec4 v0x563a9a67eb30_0;
    %assign/vec4 v0x563a9a67ea50_0, 0;
    %load/vec4 v0x563a9a67ecf0_0;
    %assign/vec4 v0x563a9a67ec10_0, 0;
    %pushi/vec4 0, 0, 32;
    %store/vec4 v0x563a9a67eeb0_0, 0, 32;
T_16.4 ;
    %load/vec4 v0x563a9a67eeb0_0;
    %cmpi/s 4, 0, 32;
    %jmp/0xz T_16.5, 5;
    %ix/getv/s 4, v0x563a9a67eeb0_0;
    %load/vec4a v0x563a9a67e8e0, 4;
    %ix/getv/s 4, v0x563a9a67eeb0_0;
    %store/vec4a v0x563a9a67e7a0, 4, 0;
    %load/vec4 v0x563a9a67eeb0_0;
    %addi 1, 0, 32;
    %store/vec4 v0x563a9a67eeb0_0, 0, 32;
    %jmp T_16.4;
T_16.5 ;
T_16.1 ;
    %jmp T_16;
    .thread T_16;
    .scope S_0x563a9a63d830;
T_17 ;
    %vpi_call 2 67 "$dumpfile", "core.vcd" {0 0 0};
    %vpi_call 2 68 "$dumpvars" {0 0 0};
    %end;
    .thread T_17;
    .scope S_0x563a9a63d830;
T_18 ;
    %vpi_call 2 86 "$readmemb", "../00_TESTBED/PATTERN/indata3.dat", v0x563a9a680880 {0 0 0};
    %end;
    .thread T_18;
    .scope S_0x563a9a63d830;
T_19 ;
    %vpi_call 2 87 "$readmemb", "../00_TESTBED/PATTERN/opmode3.dat", v0x563a9a680d50 {0 0 0};
    %end;
    .thread T_19;
    .scope S_0x563a9a63d830;
T_20 ;
    %vpi_call 2 88 "$readmemb", "../00_TESTBED/PATTERN/golden3.dat", v0x563a9a680460 {0 0 0};
    %end;
    .thread T_20;
    .scope S_0x563a9a63d830;
T_21 ;
    %pushi/vec4 0, 0, 1;
    %store/vec4 v0x563a9a6803a0_0, 0, 1;
    %end;
    .thread T_21;
    .scope S_0x563a9a63d830;
T_22 ;
    %delay 5000, 0;
    %load/vec4 v0x563a9a6803a0_0;
    %inv;
    %store/vec4 v0x563a9a6803a0_0, 0, 1;
    %jmp T_22;
    .thread T_22;
    .scope S_0x563a9a63d830;
T_23 ;
    %pushi/vec4 1, 0, 1;
    %store/vec4 v0x563a9a680f90_0, 0, 1;
    %delay 2500, 0;
    %pushi/vec4 0, 0, 1;
    %store/vec4 v0x563a9a680f90_0, 0, 1;
    %delay 17500, 0;
    %pushi/vec4 1, 0, 1;
    %store/vec4 v0x563a9a680f90_0, 0, 1;
    %delay 1000000000, 0;
    %vpi_call 2 104 "$display", "Error! Runtime exceeded!" {0 0 0};
    %vpi_call 2 105 "$finish" {0 0 0};
    %end;
    .thread T_23;
    .scope S_0x563a9a63d830;
T_24 ;
    %pushi/vec4 15, 0, 4;
    %store/vec4 v0x563a9a680ac0_0, 0, 4;
    %pushi/vec4 0, 0, 8;
    %store/vec4 v0x563a9a6805e0_0, 0, 8;
    %pushi/vec4 0, 0, 1;
    %store/vec4 v0x563a9a680c80_0, 0, 1;
    %pushi/vec4 0, 0, 1;
    %store/vec4 v0x563a9a6807e0_0, 0, 1;
    %delay 100000, 0;
    %pushi/vec4 0, 0, 32;
    %store/vec4 v0x563a9a680520_0, 0, 32;
T_24.0 ;
    %load/vec4 v0x563a9a680520_0;
    %cmpi/s 2048, 0, 32;
    %jmp/0xz T_24.1, 5;
    %wait E_0x563a9a601520;
    %pushi/vec4 0, 0, 1;
    %store/vec4 v0x563a9a680c80_0, 0, 1;
T_24.2 ;
    %load/vec4 v0x563a9a680bb0_0;
    %cmpi/ne 1, 0, 1;
    %jmp/0xz T_24.3, 6;
    %wait E_0x563a9a601330;
    %jmp T_24.2;
T_24.3 ;
    %wait E_0x563a9a601520;
    %wait E_0x563a9a601520;
    %pushi/vec4 1, 0, 1;
    %store/vec4 v0x563a9a680c80_0, 0, 1;
    %ix/getv/s 4, v0x563a9a680520_0;
    %load/vec4a v0x563a9a680d50, 4;
    %store/vec4 v0x563a9a680ac0_0, 0, 4;
    %load/vec4 v0x563a9a680520_0;
    %addi 1, 0, 32;
    %store/vec4 v0x563a9a680520_0, 0, 32;
    %jmp T_24.0;
T_24.1 ;
    %end;
    .thread T_24;
    .scope S_0x563a9a63d830;
T_25 ;
    %pushi/vec4 0, 0, 32;
    %store/vec4 v0x563a9a680920_0, 0, 32;
    %delay 100000, 0;
T_25.0 ;
    %pushi/vec4 1, 0, 32;
    %or/r;
    %flag_set/vec4 8;
    %jmp/0xz T_25.1, 8;
    %wait E_0x563a9a601520;
    %load/vec4 v0x563a9a680ac0_0;
    %pad/u 32;
    %cmpi/e 0, 0, 32;
    %jmp/0xz  T_25.2, 4;
    %load/vec4 v0x563a9a6806f0_0;
    %flag_set/vec4 8;
    %jmp/0xz  T_25.4, 8;
    %pushi/vec4 1, 0, 1;
    %store/vec4 v0x563a9a6807e0_0, 0, 1;
    %ix/getv/s 4, v0x563a9a680920_0;
    %load/vec4a v0x563a9a680880, 4;
    %store/vec4 v0x563a9a6805e0_0, 0, 8;
    %load/vec4 v0x563a9a680920_0;
    %addi 1, 0, 32;
    %store/vec4 v0x563a9a680920_0, 0, 32;
T_25.4 ;
T_25.2 ;
    %jmp T_25.0;
T_25.1 ;
    %end;
    .thread T_25;
    .scope S_0x563a9a63d830;
T_26 ;
    %pushi/vec4 0, 0, 32;
    %store/vec4 v0x563a9a6809e0_0, 0, 32;
T_26.0 ;
    %load/vec4 v0x563a9a6809e0_0;
    %cmpi/s 2048, 0, 32;
    %jmp/0xz T_26.1, 5;
    %wait E_0x563a9a601630;
    %load/vec4 v0x563a9a680ec0_0;
    %flag_set/vec4 8;
    %jmp/0xz  T_26.2, 8;
    %vpi_call 2 153 "$display", "at address %d, out: %d (%b), golden: %d (%b)", v0x563a9a6809e0_0, v0x563a9a680df0_0, v0x563a9a680df0_0, &A<v0x563a9a680460, v0x563a9a6809e0_0 >, &A<v0x563a9a680460, v0x563a9a6809e0_0 > {0 0 0};
    %load/vec4 v0x563a9a680df0_0;
    %ix/getv/s 4, v0x563a9a6809e0_0;
    %load/vec4a v0x563a9a680460, 4;
    %cmp/ne;
    %jmp/0xz  T_26.4, 4;
    %vpi_call 2 155 "$display", "error at address %d! out: %b, golden: %b", v0x563a9a6809e0_0, v0x563a9a680df0_0, &A<v0x563a9a680460, v0x563a9a6809e0_0 > {0 0 0};
T_26.4 ;
    %load/vec4 v0x563a9a6809e0_0;
    %addi 1, 0, 32;
    %store/vec4 v0x563a9a6809e0_0, 0, 32;
T_26.2 ;
    %load/vec4 v0x563a9a6809e0_0;
    %store/vec4 v0x563a9a6809e0_0, 0, 32;
    %jmp T_26.0;
T_26.1 ;
    %end;
    .thread T_26;
# The file index is used to find the file name in the following table.
:file_names 5;
    "N/A";
    "<interactive>";
    "../00_TESTBED/testbench.v";
    "./core.v";
    "../sram_4096x8/sram_4096x8.v";
